mode: set
github.com/adheeeem/wallet/pkg/wallet/service.go:21.78,22.37 1 1
github.com/adheeeem/wallet/pkg/wallet/service.go:27.2,34.21 4 1
github.com/adheeeem/wallet/pkg/wallet/service.go:22.37,23.29 1 1
github.com/adheeeem/wallet/pkg/wallet/service.go:23.29,25.4 1 0
github.com/adheeeem/wallet/pkg/wallet/service.go:37.70,38.17 1 1
github.com/adheeeem/wallet/pkg/wallet/service.go:41.2,42.33 2 1
github.com/adheeeem/wallet/pkg/wallet/service.go:48.2,48.20 1 1
github.com/adheeeem/wallet/pkg/wallet/service.go:51.2,52.12 2 1
github.com/adheeeem/wallet/pkg/wallet/service.go:38.17,40.3 1 0
github.com/adheeeem/wallet/pkg/wallet/service.go:42.33,43.26 1 1
github.com/adheeeem/wallet/pkg/wallet/service.go:43.26,45.9 2 1
github.com/adheeeem/wallet/pkg/wallet/service.go:48.20,50.3 1 0
github.com/adheeeem/wallet/pkg/wallet/service.go:55.116,56.17 1 1
github.com/adheeeem/wallet/pkg/wallet/service.go:59.2,60.33 2 1
github.com/adheeeem/wallet/pkg/wallet/service.go:66.2,66.20 1 1
github.com/adheeeem/wallet/pkg/wallet/service.go:70.2,70.30 1 1
github.com/adheeeem/wallet/pkg/wallet/service.go:74.2,84.21 5 1
github.com/adheeeem/wallet/pkg/wallet/service.go:56.17,58.3 1 0
github.com/adheeeem/wallet/pkg/wallet/service.go:60.33,61.26 1 1
github.com/adheeeem/wallet/pkg/wallet/service.go:61.26,63.9 2 1
github.com/adheeeem/wallet/pkg/wallet/service.go:66.20,68.3 1 0
github.com/adheeeem/wallet/pkg/wallet/service.go:70.30,72.3 1 0
github.com/adheeeem/wallet/pkg/wallet/service.go:86.76,88.33 2 1
github.com/adheeeem/wallet/pkg/wallet/service.go:94.2,94.20 1 1
github.com/adheeeem/wallet/pkg/wallet/service.go:97.2,97.21 1 1
github.com/adheeeem/wallet/pkg/wallet/service.go:88.33,89.26 1 1
github.com/adheeeem/wallet/pkg/wallet/service.go:89.26,91.9 2 1
github.com/adheeeem/wallet/pkg/wallet/service.go:94.20,96.3 1 0
github.com/adheeeem/wallet/pkg/wallet/service.go:100.50,102.16 2 1
github.com/adheeeem/wallet/pkg/wallet/service.go:105.2,106.16 2 1
github.com/adheeeem/wallet/pkg/wallet/service.go:109.2,111.12 3 1
github.com/adheeeem/wallet/pkg/wallet/service.go:102.16,104.3 1 0
github.com/adheeeem/wallet/pkg/wallet/service.go:106.16,108.3 1 0
github.com/adheeeem/wallet/pkg/wallet/service.go:114.77,115.37 1 1
github.com/adheeeem/wallet/pkg/wallet/service.go:120.2,120.32 1 1
github.com/adheeeem/wallet/pkg/wallet/service.go:115.37,116.30 1 1
github.com/adheeeem/wallet/pkg/wallet/service.go:116.30,118.4 1 1
