mode: set
github.com/adheeeem/wallet/pkg/wallet/service.go:23.78,24.37 1 1
github.com/adheeeem/wallet/pkg/wallet/service.go:29.2,36.21 4 1
github.com/adheeeem/wallet/pkg/wallet/service.go:24.37,25.29 1 1
github.com/adheeeem/wallet/pkg/wallet/service.go:25.29,27.4 1 0
github.com/adheeeem/wallet/pkg/wallet/service.go:39.70,40.17 1 1
github.com/adheeeem/wallet/pkg/wallet/service.go:43.2,44.33 2 1
github.com/adheeeem/wallet/pkg/wallet/service.go:50.2,50.20 1 1
github.com/adheeeem/wallet/pkg/wallet/service.go:53.2,54.12 2 1
github.com/adheeeem/wallet/pkg/wallet/service.go:40.17,42.3 1 0
github.com/adheeeem/wallet/pkg/wallet/service.go:44.33,45.26 1 1
github.com/adheeeem/wallet/pkg/wallet/service.go:45.26,47.9 2 1
github.com/adheeeem/wallet/pkg/wallet/service.go:50.20,52.3 1 0
github.com/adheeeem/wallet/pkg/wallet/service.go:57.116,58.17 1 1
github.com/adheeeem/wallet/pkg/wallet/service.go:61.2,62.33 2 1
github.com/adheeeem/wallet/pkg/wallet/service.go:68.2,68.20 1 1
github.com/adheeeem/wallet/pkg/wallet/service.go:72.2,72.30 1 1
github.com/adheeeem/wallet/pkg/wallet/service.go:76.2,86.21 5 1
github.com/adheeeem/wallet/pkg/wallet/service.go:58.17,60.3 1 0
github.com/adheeeem/wallet/pkg/wallet/service.go:62.33,63.26 1 1
github.com/adheeeem/wallet/pkg/wallet/service.go:63.26,65.9 2 1
github.com/adheeeem/wallet/pkg/wallet/service.go:68.20,70.3 1 0
github.com/adheeeem/wallet/pkg/wallet/service.go:72.30,74.3 1 0
github.com/adheeeem/wallet/pkg/wallet/service.go:88.76,90.33 2 1
github.com/adheeeem/wallet/pkg/wallet/service.go:96.2,96.20 1 1
github.com/adheeeem/wallet/pkg/wallet/service.go:99.2,99.21 1 1
github.com/adheeeem/wallet/pkg/wallet/service.go:90.33,91.26 1 1
github.com/adheeeem/wallet/pkg/wallet/service.go:91.26,93.9 2 1
github.com/adheeeem/wallet/pkg/wallet/service.go:96.20,98.3 1 0
github.com/adheeeem/wallet/pkg/wallet/service.go:102.50,104.16 2 1
github.com/adheeeem/wallet/pkg/wallet/service.go:107.2,108.16 2 1
github.com/adheeeem/wallet/pkg/wallet/service.go:111.2,113.12 3 1
github.com/adheeeem/wallet/pkg/wallet/service.go:104.16,106.3 1 0
github.com/adheeeem/wallet/pkg/wallet/service.go:108.16,110.3 1 0
github.com/adheeeem/wallet/pkg/wallet/service.go:116.77,117.37 1 1
github.com/adheeeem/wallet/pkg/wallet/service.go:122.2,122.32 1 1
github.com/adheeeem/wallet/pkg/wallet/service.go:117.37,118.30 1 1
github.com/adheeeem/wallet/pkg/wallet/service.go:118.30,120.4 1 1
github.com/adheeeem/wallet/pkg/wallet/service.go:125.68,127.16 2 1
github.com/adheeeem/wallet/pkg/wallet/service.go:130.2,131.16 2 1
github.com/adheeeem/wallet/pkg/wallet/service.go:134.2,134.26 1 1
github.com/adheeeem/wallet/pkg/wallet/service.go:127.16,129.3 1 0
github.com/adheeeem/wallet/pkg/wallet/service.go:131.16,133.3 1 0
github.com/adheeeem/wallet/pkg/wallet/service.go:137.91,139.16 2 1
github.com/adheeeem/wallet/pkg/wallet/service.go:142.2,150.22 3 1
github.com/adheeeem/wallet/pkg/wallet/service.go:139.16,141.3 1 0
github.com/adheeeem/wallet/pkg/wallet/service.go:152.78,154.39 2 1
github.com/adheeeem/wallet/pkg/wallet/service.go:160.2,160.16 1 1
github.com/adheeeem/wallet/pkg/wallet/service.go:163.2,165.16 2 1
github.com/adheeeem/wallet/pkg/wallet/service.go:168.2,175.21 2 1
github.com/adheeeem/wallet/pkg/wallet/service.go:154.39,155.32 1 1
github.com/adheeeem/wallet/pkg/wallet/service.go:155.32,157.9 2 1
github.com/adheeeem/wallet/pkg/wallet/service.go:160.16,162.3 1 0
github.com/adheeeem/wallet/pkg/wallet/service.go:165.16,167.3 1 0
